<?xml version="1.0" encoding="UTF-8"?>
<testsuite xmlns:xsi="http://www.w3.org/2001/XMLSchema-instance" xsi:noNamespaceSchemaLocation="https://maven.apache.org/surefire/maven-surefire-plugin/xsd/surefire-test-report-3.0.xsd" version="3.0" name="com.cloudera.examples.sr.SchemaRegistryKafkaClientRegressionTest" time="22.156" tests="1" errors="0" skipped="0" failures="0">
  <properties>
[...]
</properties>
  <testcase name="shouldProduceAndDeserializeV1Message" classname="com.cloudera.examples.sr.SchemaRegistryKafkaClientRegressionTest" time="21.939">
    <system-out><![CDATA[V1 sample message: {"run_id": "run-v1-b50ee883-6197-4b70-850f-009508e22a54", "event_id": "evt-0001", "host": "server-a", "metric": "cpu_load", "value": 42.5, "event_ts": 1700000000000}
Consumed deserialized message: key=sensor-1 value={"run_id": "run-v1-b50ee883-6197-4b70-850f-009508e22a54", "event_id": "evt-0001", "host": "server-a", "metric": "cpu_load", "value": 42.5, "event_ts": 1700000000000}
value.schema.version.id header non presente, verifico schema su Schema Registry
]]></system-out>
    <system-err><![CDATA[SLF4J: Failed to load class "org.slf4j.impl.StaticLoggerBinder".
SLF4J: Defaulting to no-operation (NOP) logger implementation
SLF4J: See http://www.slf4j.org/codes.html#StaticLoggerBinder for further details.
]]></system-err>
  </testcase>
</testsuite>